<?xml version="1.0" encoding="UTF-8"?>
<!-- Generated by org.testng.reporters.JUnitReportReporter -->
<testsuite hostname="Asalia" failures="0" tests="1" name="com.google.NewTest" time="11.654" errors="0" timestamp="2023-01-20T20:36:30 PST" skipped="0">
  <testcase classname="com.google.NewTest" name="f" time="11.654"/>
  <system-out/>
</testsuite> <!-- com.google.NewTest -->
